[ 2025-04-02 15:08:00,133 ] 1740 httpx - INFO - HTTP Request: GET https://x.com "HTTP/1.1 200 OK"
[ 2025-04-02 15:08:00,448 ] 1740 httpx - INFO - HTTP Request: GET https://abs.twimg.com/responsive-web/client-web/ondemand.s.8d66614a.js "HTTP/1.1 200 OK"
[ 2025-04-02 15:08:00,799 ] 1740 httpx - INFO - HTTP Request: POST https://api.x.com/1.1/guest/activate.json "HTTP/1.1 200 OK"
[ 2025-04-02 15:08:01,164 ] 1740 httpx - INFO - HTTP Request: POST https://api.x.com/1.1/onboarding/task.json?flow_name=login "HTTP/1.1 200 OK"
[ 2025-04-02 15:08:01,451 ] 1740 httpx - INFO - HTTP Request: POST https://api.x.com/1.1/onboarding/sso_init.json "HTTP/1.1 200 OK"
[ 2025-04-02 15:08:01,870 ] 1740 httpx - INFO - HTTP Request: GET https://twitter.com/i/js_inst?c_name=ui_metrics "HTTP/1.1 200 OK"
[ 2025-04-02 15:08:02,695 ] 1740 httpx - INFO - HTTP Request: POST https://api.x.com/1.1/onboarding/task.json "HTTP/1.1 200 OK"
[ 2025-04-02 15:08:03,213 ] 1740 httpx - INFO - HTTP Request: POST https://api.x.com/1.1/onboarding/task.json "HTTP/1.1 200 OK"
[ 2025-04-02 15:08:03,532 ] 1740 httpx - INFO - HTTP Request: POST https://api.x.com/1.1/onboarding/task.json "HTTP/1.1 200 OK"
[ 2025-04-02 15:08:04,041 ] 1740 httpx - INFO - HTTP Request: POST https://api.x.com/1.1/onboarding/task.json "HTTP/1.1 200 OK"
[ 2025-04-02 15:08:04,374 ] 1740 httpx - INFO - HTTP Request: POST https://api.x.com/1.1/onboarding/task.json "HTTP/1.1 200 OK"
[ 2025-04-02 15:08:04,380 ] 16 root - INFO - Error occured in python script name at G:\AI MODELS\SentimentAnalysisTamilMovies\src\components\data_integtion.py on line number 26 error messgae 'coroutine' object is not iterable
[ 2025-04-02 15:10:17,412 ] 1740 httpx - INFO - HTTP Request: GET https://x.com "HTTP/1.1 200 OK"
[ 2025-04-02 15:10:17,696 ] 1740 httpx - INFO - HTTP Request: GET https://abs.twimg.com/responsive-web/client-web/ondemand.s.8d66614a.js "HTTP/1.1 200 OK"
[ 2025-04-02 15:10:18,047 ] 1740 httpx - INFO - HTTP Request: POST https://api.x.com/1.1/guest/activate.json "HTTP/1.1 200 OK"
[ 2025-04-02 15:10:18,415 ] 1740 httpx - INFO - HTTP Request: POST https://api.x.com/1.1/onboarding/task.json?flow_name=login "HTTP/1.1 200 OK"
[ 2025-04-02 15:10:18,793 ] 1740 httpx - INFO - HTTP Request: POST https://api.x.com/1.1/onboarding/sso_init.json "HTTP/1.1 200 OK"
[ 2025-04-02 15:10:19,137 ] 1740 httpx - INFO - HTTP Request: GET https://twitter.com/i/js_inst?c_name=ui_metrics "HTTP/1.1 200 OK"
[ 2025-04-02 15:10:19,843 ] 1740 httpx - INFO - HTTP Request: POST https://api.x.com/1.1/onboarding/task.json "HTTP/1.1 200 OK"
[ 2025-04-02 15:10:20,345 ] 1740 httpx - INFO - HTTP Request: POST https://api.x.com/1.1/onboarding/task.json "HTTP/1.1 200 OK"
[ 2025-04-02 15:10:20,673 ] 1740 httpx - INFO - HTTP Request: POST https://api.x.com/1.1/onboarding/task.json "HTTP/1.1 200 OK"
[ 2025-04-02 15:10:21,207 ] 1740 httpx - INFO - HTTP Request: POST https://api.x.com/1.1/onboarding/task.json "HTTP/1.1 200 OK"
[ 2025-04-02 15:10:21,540 ] 1740 httpx - INFO - HTTP Request: POST https://api.x.com/1.1/onboarding/task.json "HTTP/1.1 200 OK"
[ 2025-04-02 15:10:21,549 ] 16 root - INFO - Error occured in python script name at G:\AI MODELS\SentimentAnalysisTamilMovies\src\components\data_integtion.py on line number 27 error messgae 'coroutine' object is not iterable
[ 2025-04-02 15:12:09,737 ] 1740 httpx - INFO - HTTP Request: GET https://x.com "HTTP/1.1 200 OK"
[ 2025-04-02 15:12:10,029 ] 1740 httpx - INFO - HTTP Request: GET https://abs.twimg.com/responsive-web/client-web/ondemand.s.8d66614a.js "HTTP/1.1 200 OK"
[ 2025-04-02 15:12:10,343 ] 1740 httpx - INFO - HTTP Request: POST https://api.x.com/1.1/guest/activate.json "HTTP/1.1 200 OK"
[ 2025-04-02 15:12:10,638 ] 1740 httpx - INFO - HTTP Request: POST https://api.x.com/1.1/onboarding/task.json?flow_name=login "HTTP/1.1 200 OK"
[ 2025-04-02 15:12:10,938 ] 1740 httpx - INFO - HTTP Request: POST https://api.x.com/1.1/onboarding/sso_init.json "HTTP/1.1 200 OK"
[ 2025-04-02 15:12:11,368 ] 1740 httpx - INFO - HTTP Request: GET https://twitter.com/i/js_inst?c_name=ui_metrics "HTTP/1.1 200 OK"
[ 2025-04-02 15:12:12,011 ] 1740 httpx - INFO - HTTP Request: POST https://api.x.com/1.1/onboarding/task.json "HTTP/1.1 200 OK"
[ 2025-04-02 15:12:12,448 ] 1740 httpx - INFO - HTTP Request: POST https://api.x.com/1.1/onboarding/task.json "HTTP/1.1 200 OK"
[ 2025-04-02 15:12:12,735 ] 1740 httpx - INFO - HTTP Request: POST https://api.x.com/1.1/onboarding/task.json "HTTP/1.1 400 Bad Request"
[ 2025-04-02 15:12:12,737 ] 16 root - INFO - Error occured in python script name at G:\AI MODELS\SentimentAnalysisTamilMovies\src\components\data_integtion.py on line number 18 error messgae status: 400, message: "{"errors":[{"code":398,"message":"We were unable to confirm you're human. Please try again. g;174358692998377928:-1743586930277:yzjoZ7BiO5nbEPtAnSzMPCkF:5"}]}"
[ 2025-04-02 15:12:13,014 ] 1740 httpx - INFO - HTTP Request: GET https://x.com/i/api/graphql/flaR-PUMshxFWZWPNpq4zA/SearchTimeline?variables=%7B%22rawQuery%22%3A+%22Tamil+Movies%22%2C+%22count%22%3A+20%2C+%22querySource%22%3A+%22typed_query%22%2C+%22product%22%3A+%22Latest%22%7D&features=%7B%22creator_subscriptions_tweet_preview_api_enabled%22%3A+true%2C+%22c9s_tweet_anatomy_moderator_badge_enabled%22%3A+true%2C+%22tweetypie_unmention_optimization_enabled%22%3A+true%2C+%22responsive_web_edit_tweet_api_enabled%22%3A+true%2C+%22graphql_is_translatable_rweb_tweet_is_translatable_enabled%22%3A+true%2C+%22view_counts_everywhere_api_enabled%22%3A+true%2C+%22longform_notetweets_consumption_enabled%22%3A+true%2C+%22responsive_web_twitter_article_tweet_consumption_enabled%22%3A+true%2C+%22tweet_awards_web_tipping_enabled%22%3A+false%2C+%22longform_notetweets_rich_text_read_enabled%22%3A+true%2C+%22longform_notetweets_inline_media_enabled%22%3A+true%2C+%22rweb_video_timestamps_enabled%22%3A+true%2C+%22responsive_web_graphql_exclude_directive_enabled%22%3A+true%2C+%22verified_phone_label_enabled%22%3A+false%2C+%22freedom_of_speech_not_reach_fetch_enabled%22%3A+true%2C+%22standardized_nudges_misinfo%22%3A+true%2C+%22tweet_with_visibility_results_prefer_gql_limited_actions_policy_enabled%22%3A+true%2C+%22responsive_web_media_download_video_enabled%22%3A+false%2C+%22responsive_web_graphql_skip_user_profile_image_extensions_enabled%22%3A+false%2C+%22responsive_web_graphql_timeline_navigation_enabled%22%3A+true%2C+%22responsive_web_enhance_cards_enabled%22%3A+false%7D "HTTP/1.1 403 Forbidden"
[ 2025-04-02 15:12:13,015 ] 16 root - INFO - Error occured in python script name at G:\AI MODELS\SentimentAnalysisTamilMovies\src\components\data_integtion.py on line number 26 error messgae status: 403, message: ""
