[ 2025-04-02 15:16:43,402 ] 1740 httpx - INFO - HTTP Request: GET https://x.com "HTTP/1.1 200 OK"
[ 2025-04-02 15:16:43,667 ] 1740 httpx - INFO - HTTP Request: GET https://abs.twimg.com/responsive-web/client-web/ondemand.s.8d66614a.js "HTTP/1.1 200 OK"
[ 2025-04-02 15:16:43,918 ] 1740 httpx - INFO - HTTP Request: GET https://x.com/i/api/graphql/flaR-PUMshxFWZWPNpq4zA/SearchTimeline?variables=%7B%22rawQuery%22%3A+%22Tamil+Movies%22%2C+%22count%22%3A+20%2C+%22querySource%22%3A+%22typed_query%22%2C+%22product%22%3A+%22Latest%22%7D&features=%7B%22creator_subscriptions_tweet_preview_api_enabled%22%3A+true%2C+%22c9s_tweet_anatomy_moderator_badge_enabled%22%3A+true%2C+%22tweetypie_unmention_optimization_enabled%22%3A+true%2C+%22responsive_web_edit_tweet_api_enabled%22%3A+true%2C+%22graphql_is_translatable_rweb_tweet_is_translatable_enabled%22%3A+true%2C+%22view_counts_everywhere_api_enabled%22%3A+true%2C+%22longform_notetweets_consumption_enabled%22%3A+true%2C+%22responsive_web_twitter_article_tweet_consumption_enabled%22%3A+true%2C+%22tweet_awards_web_tipping_enabled%22%3A+false%2C+%22longform_notetweets_rich_text_read_enabled%22%3A+true%2C+%22longform_notetweets_inline_media_enabled%22%3A+true%2C+%22rweb_video_timestamps_enabled%22%3A+true%2C+%22responsive_web_graphql_exclude_directive_enabled%22%3A+true%2C+%22verified_phone_label_enabled%22%3A+false%2C+%22freedom_of_speech_not_reach_fetch_enabled%22%3A+true%2C+%22standardized_nudges_misinfo%22%3A+true%2C+%22tweet_with_visibility_results_prefer_gql_limited_actions_policy_enabled%22%3A+true%2C+%22responsive_web_media_download_video_enabled%22%3A+false%2C+%22responsive_web_graphql_skip_user_profile_image_extensions_enabled%22%3A+false%2C+%22responsive_web_graphql_timeline_navigation_enabled%22%3A+true%2C+%22responsive_web_enhance_cards_enabled%22%3A+false%7D "HTTP/1.1 403 Forbidden"
[ 2025-04-02 15:16:43,934 ] 16 root - INFO - Error occured in python script name at C:\Users\hp\AppData\Local\Temp\ipykernel_5872\2456545901.py on line number 19 error messgae status: 403, message: ""
[ 2025-04-02 15:17:20,773 ] 1740 httpx - INFO - HTTP Request: GET https://x.com "HTTP/1.1 200 OK"
[ 2025-04-02 15:17:21,004 ] 1740 httpx - INFO - HTTP Request: GET https://abs.twimg.com/responsive-web/client-web/ondemand.s.8d66614a.js "HTTP/1.1 200 OK"
[ 2025-04-02 15:17:21,373 ] 1740 httpx - INFO - HTTP Request: POST https://api.x.com/1.1/guest/activate.json "HTTP/1.1 200 OK"
[ 2025-04-02 15:17:21,758 ] 1740 httpx - INFO - HTTP Request: POST https://api.x.com/1.1/onboarding/task.json?flow_name=login "HTTP/1.1 200 OK"
[ 2025-04-02 15:17:22,056 ] 1740 httpx - INFO - HTTP Request: POST https://api.x.com/1.1/onboarding/sso_init.json "HTTP/1.1 200 OK"
[ 2025-04-02 15:17:22,388 ] 1740 httpx - INFO - HTTP Request: GET https://twitter.com/i/js_inst?c_name=ui_metrics "HTTP/1.1 200 OK"
[ 2025-04-02 15:17:22,974 ] 1740 httpx - INFO - HTTP Request: POST https://api.x.com/1.1/onboarding/task.json "HTTP/1.1 200 OK"
[ 2025-04-02 15:17:23,471 ] 1740 httpx - INFO - HTTP Request: POST https://api.x.com/1.1/onboarding/task.json "HTTP/1.1 200 OK"
[ 2025-04-02 15:17:23,788 ] 1740 httpx - INFO - HTTP Request: POST https://api.x.com/1.1/onboarding/task.json "HTTP/1.1 400 Bad Request"
[ 2025-04-02 15:17:23,788 ] 16 root - INFO - Error occured in python script name at C:\Users\hp\AppData\Local\Temp\ipykernel_5872\2456545901.py on line number 11 error messgae status: 400, message: "{"errors":[{"code":398,"message":"We were unable to confirm you're human. Please try again. g;174358724097374056:-1743587241319:Uu2LBRBYARGOVCGqbfaU7sd8:5"}]}"
[ 2025-04-02 15:17:24,071 ] 1740 httpx - INFO - HTTP Request: GET https://x.com/i/api/graphql/flaR-PUMshxFWZWPNpq4zA/SearchTimeline?variables=%7B%22rawQuery%22%3A+%22Tamil+Movies%22%2C+%22count%22%3A+20%2C+%22querySource%22%3A+%22typed_query%22%2C+%22product%22%3A+%22Latest%22%7D&features=%7B%22creator_subscriptions_tweet_preview_api_enabled%22%3A+true%2C+%22c9s_tweet_anatomy_moderator_badge_enabled%22%3A+true%2C+%22tweetypie_unmention_optimization_enabled%22%3A+true%2C+%22responsive_web_edit_tweet_api_enabled%22%3A+true%2C+%22graphql_is_translatable_rweb_tweet_is_translatable_enabled%22%3A+true%2C+%22view_counts_everywhere_api_enabled%22%3A+true%2C+%22longform_notetweets_consumption_enabled%22%3A+true%2C+%22responsive_web_twitter_article_tweet_consumption_enabled%22%3A+true%2C+%22tweet_awards_web_tipping_enabled%22%3A+false%2C+%22longform_notetweets_rich_text_read_enabled%22%3A+true%2C+%22longform_notetweets_inline_media_enabled%22%3A+true%2C+%22rweb_video_timestamps_enabled%22%3A+true%2C+%22responsive_web_graphql_exclude_directive_enabled%22%3A+true%2C+%22verified_phone_label_enabled%22%3A+false%2C+%22freedom_of_speech_not_reach_fetch_enabled%22%3A+true%2C+%22standardized_nudges_misinfo%22%3A+true%2C+%22tweet_with_visibility_results_prefer_gql_limited_actions_policy_enabled%22%3A+true%2C+%22responsive_web_media_download_video_enabled%22%3A+false%2C+%22responsive_web_graphql_skip_user_profile_image_extensions_enabled%22%3A+false%2C+%22responsive_web_graphql_timeline_navigation_enabled%22%3A+true%2C+%22responsive_web_enhance_cards_enabled%22%3A+false%7D "HTTP/1.1 403 Forbidden"
[ 2025-04-02 15:17:24,088 ] 16 root - INFO - Error occured in python script name at C:\Users\hp\AppData\Local\Temp\ipykernel_5872\2456545901.py on line number 19 error messgae status: 403, message: ""
[ 2025-04-02 15:18:33,952 ] 1740 httpx - INFO - HTTP Request: GET https://x.com "HTTP/1.1 200 OK"
[ 2025-04-02 15:18:34,218 ] 1740 httpx - INFO - HTTP Request: GET https://abs.twimg.com/responsive-web/client-web/ondemand.s.8d66614a.js "HTTP/1.1 200 OK"
[ 2025-04-02 15:18:34,567 ] 1740 httpx - INFO - HTTP Request: POST https://api.x.com/1.1/guest/activate.json "HTTP/1.1 200 OK"
[ 2025-04-02 15:18:34,979 ] 1740 httpx - INFO - HTTP Request: POST https://api.x.com/1.1/onboarding/task.json?flow_name=login "HTTP/1.1 200 OK"
[ 2025-04-02 15:18:35,295 ] 1740 httpx - INFO - HTTP Request: POST https://api.x.com/1.1/onboarding/sso_init.json "HTTP/1.1 200 OK"
[ 2025-04-02 15:18:35,613 ] 1740 httpx - INFO - HTTP Request: GET https://twitter.com/i/js_inst?c_name=ui_metrics "HTTP/1.1 200 OK"
[ 2025-04-02 15:18:36,064 ] 1740 httpx - INFO - HTTP Request: POST https://api.x.com/1.1/onboarding/task.json "HTTP/1.1 200 OK"
[ 2025-04-02 15:18:36,530 ] 1740 httpx - INFO - HTTP Request: POST https://api.x.com/1.1/onboarding/task.json "HTTP/1.1 200 OK"
[ 2025-04-02 15:18:36,846 ] 1740 httpx - INFO - HTTP Request: POST https://api.x.com/1.1/onboarding/task.json "HTTP/1.1 400 Bad Request"
[ 2025-04-02 15:18:36,846 ] 16 root - INFO - Error occured in python script name at C:\Users\hp\AppData\Local\Temp\ipykernel_5872\2456545901.py on line number 11 error messgae status: 400, message: "{"errors":[{"code":398,"message":"We were unable to confirm you're human. Please try again. g;174358731418458478:-1743587314528:pd2x3V4OMqU5RY6yco3FYpmg:5"}]}"
[ 2025-04-02 15:18:37,148 ] 1740 httpx - INFO - HTTP Request: GET https://x.com/i/api/graphql/flaR-PUMshxFWZWPNpq4zA/SearchTimeline?variables=%7B%22rawQuery%22%3A+%22Tamil+Movies%22%2C+%22count%22%3A+20%2C+%22querySource%22%3A+%22typed_query%22%2C+%22product%22%3A+%22Latest%22%7D&features=%7B%22creator_subscriptions_tweet_preview_api_enabled%22%3A+true%2C+%22c9s_tweet_anatomy_moderator_badge_enabled%22%3A+true%2C+%22tweetypie_unmention_optimization_enabled%22%3A+true%2C+%22responsive_web_edit_tweet_api_enabled%22%3A+true%2C+%22graphql_is_translatable_rweb_tweet_is_translatable_enabled%22%3A+true%2C+%22view_counts_everywhere_api_enabled%22%3A+true%2C+%22longform_notetweets_consumption_enabled%22%3A+true%2C+%22responsive_web_twitter_article_tweet_consumption_enabled%22%3A+true%2C+%22tweet_awards_web_tipping_enabled%22%3A+false%2C+%22longform_notetweets_rich_text_read_enabled%22%3A+true%2C+%22longform_notetweets_inline_media_enabled%22%3A+true%2C+%22rweb_video_timestamps_enabled%22%3A+true%2C+%22responsive_web_graphql_exclude_directive_enabled%22%3A+true%2C+%22verified_phone_label_enabled%22%3A+false%2C+%22freedom_of_speech_not_reach_fetch_enabled%22%3A+true%2C+%22standardized_nudges_misinfo%22%3A+true%2C+%22tweet_with_visibility_results_prefer_gql_limited_actions_policy_enabled%22%3A+true%2C+%22responsive_web_media_download_video_enabled%22%3A+false%2C+%22responsive_web_graphql_skip_user_profile_image_extensions_enabled%22%3A+false%2C+%22responsive_web_graphql_timeline_navigation_enabled%22%3A+true%2C+%22responsive_web_enhance_cards_enabled%22%3A+false%7D "HTTP/1.1 403 Forbidden"
[ 2025-04-02 15:18:37,152 ] 16 root - INFO - Error occured in python script name at C:\Users\hp\AppData\Local\Temp\ipykernel_5872\2456545901.py on line number 19 error messgae status: 403, message: ""
[ 2025-04-02 15:19:05,597 ] 1740 httpx - INFO - HTTP Request: GET https://x.com "HTTP/1.1 200 OK"
[ 2025-04-02 15:19:05,819 ] 1740 httpx - INFO - HTTP Request: GET https://abs.twimg.com/responsive-web/client-web/ondemand.s.8d66614a.js "HTTP/1.1 200 OK"
[ 2025-04-02 15:19:06,169 ] 1740 httpx - INFO - HTTP Request: POST https://api.x.com/1.1/guest/activate.json "HTTP/1.1 200 OK"
[ 2025-04-02 15:19:06,453 ] 1740 httpx - INFO - HTTP Request: POST https://api.x.com/1.1/onboarding/task.json?flow_name=login "HTTP/1.1 200 OK"
[ 2025-04-02 15:19:06,738 ] 1740 httpx - INFO - HTTP Request: POST https://api.x.com/1.1/onboarding/sso_init.json "HTTP/1.1 200 OK"
[ 2025-04-02 15:19:07,072 ] 1740 httpx - INFO - HTTP Request: GET https://twitter.com/i/js_inst?c_name=ui_metrics "HTTP/1.1 200 OK"
[ 2025-04-02 15:19:07,486 ] 1740 httpx - INFO - HTTP Request: POST https://api.x.com/1.1/onboarding/task.json "HTTP/1.1 200 OK"
[ 2025-04-02 15:19:07,906 ] 1740 httpx - INFO - HTTP Request: POST https://api.x.com/1.1/onboarding/task.json "HTTP/1.1 200 OK"
[ 2025-04-02 15:19:08,398 ] 1740 httpx - INFO - HTTP Request: POST https://api.x.com/1.1/onboarding/task.json "HTTP/1.1 200 OK"
[ 2025-04-02 15:19:08,688 ] 1740 httpx - INFO - HTTP Request: POST https://api.x.com/1.1/onboarding/task.json "HTTP/1.1 200 OK"
[ 2025-04-02 15:19:09,455 ] 1740 httpx - INFO - HTTP Request: GET https://x.com/i/api/graphql/flaR-PUMshxFWZWPNpq4zA/SearchTimeline?variables=%7B%22rawQuery%22%3A+%22Tamil+Movies%22%2C+%22count%22%3A+20%2C+%22querySource%22%3A+%22typed_query%22%2C+%22product%22%3A+%22Latest%22%7D&features=%7B%22creator_subscriptions_tweet_preview_api_enabled%22%3A+true%2C+%22c9s_tweet_anatomy_moderator_badge_enabled%22%3A+true%2C+%22tweetypie_unmention_optimization_enabled%22%3A+true%2C+%22responsive_web_edit_tweet_api_enabled%22%3A+true%2C+%22graphql_is_translatable_rweb_tweet_is_translatable_enabled%22%3A+true%2C+%22view_counts_everywhere_api_enabled%22%3A+true%2C+%22longform_notetweets_consumption_enabled%22%3A+true%2C+%22responsive_web_twitter_article_tweet_consumption_enabled%22%3A+true%2C+%22tweet_awards_web_tipping_enabled%22%3A+false%2C+%22longform_notetweets_rich_text_read_enabled%22%3A+true%2C+%22longform_notetweets_inline_media_enabled%22%3A+true%2C+%22rweb_video_timestamps_enabled%22%3A+true%2C+%22responsive_web_graphql_exclude_directive_enabled%22%3A+true%2C+%22verified_phone_label_enabled%22%3A+false%2C+%22freedom_of_speech_not_reach_fetch_enabled%22%3A+true%2C+%22standardized_nudges_misinfo%22%3A+true%2C+%22tweet_with_visibility_results_prefer_gql_limited_actions_policy_enabled%22%3A+true%2C+%22responsive_web_media_download_video_enabled%22%3A+false%2C+%22responsive_web_graphql_skip_user_profile_image_extensions_enabled%22%3A+false%2C+%22responsive_web_graphql_timeline_navigation_enabled%22%3A+true%2C+%22responsive_web_enhance_cards_enabled%22%3A+false%7D "HTTP/1.1 200 OK"
[ 2025-04-02 15:19:09,461 ] 16 root - INFO - Error occured in python script name at C:\Users\hp\AppData\Local\Temp\ipykernel_5872\3888506885.py on line number 31 error messgae [Errno 2] No such file or directory: 'components\\dataset\\tamil_movies_tweets.json'
[ 2025-04-02 15:19:48,890 ] 1740 httpx - INFO - HTTP Request: GET https://x.com "HTTP/1.1 200 OK"
[ 2025-04-02 15:19:49,137 ] 1740 httpx - INFO - HTTP Request: GET https://abs.twimg.com/responsive-web/client-web/ondemand.s.8d66614a.js "HTTP/1.1 200 OK"
[ 2025-04-02 15:19:49,455 ] 1740 httpx - INFO - HTTP Request: POST https://api.x.com/1.1/guest/activate.json "HTTP/1.1 200 OK"
[ 2025-04-02 15:19:49,750 ] 1740 httpx - INFO - HTTP Request: POST https://api.x.com/1.1/onboarding/task.json?flow_name=login "HTTP/1.1 200 OK"
[ 2025-04-02 15:19:50,053 ] 1740 httpx - INFO - HTTP Request: POST https://api.x.com/1.1/onboarding/sso_init.json "HTTP/1.1 200 OK"
[ 2025-04-02 15:19:50,386 ] 1740 httpx - INFO - HTTP Request: GET https://twitter.com/i/js_inst?c_name=ui_metrics "HTTP/1.1 200 OK"
[ 2025-04-02 15:19:50,823 ] 1740 httpx - INFO - HTTP Request: POST https://api.x.com/1.1/onboarding/task.json "HTTP/1.1 200 OK"
[ 2025-04-02 15:19:51,309 ] 1740 httpx - INFO - HTTP Request: POST https://api.x.com/1.1/onboarding/task.json "HTTP/1.1 200 OK"
[ 2025-04-02 15:19:51,605 ] 1740 httpx - INFO - HTTP Request: POST https://api.x.com/1.1/onboarding/task.json "HTTP/1.1 200 OK"
[ 2025-04-02 15:19:52,106 ] 1740 httpx - INFO - HTTP Request: POST https://api.x.com/1.1/onboarding/task.json "HTTP/1.1 200 OK"
[ 2025-04-02 15:19:52,421 ] 1740 httpx - INFO - HTTP Request: POST https://api.x.com/1.1/onboarding/task.json "HTTP/1.1 200 OK"
[ 2025-04-02 15:19:53,124 ] 1740 httpx - INFO - HTTP Request: GET https://x.com/i/api/graphql/flaR-PUMshxFWZWPNpq4zA/SearchTimeline?variables=%7B%22rawQuery%22%3A+%22Tamil+Movies%22%2C+%22count%22%3A+20%2C+%22querySource%22%3A+%22typed_query%22%2C+%22product%22%3A+%22Latest%22%7D&features=%7B%22creator_subscriptions_tweet_preview_api_enabled%22%3A+true%2C+%22c9s_tweet_anatomy_moderator_badge_enabled%22%3A+true%2C+%22tweetypie_unmention_optimization_enabled%22%3A+true%2C+%22responsive_web_edit_tweet_api_enabled%22%3A+true%2C+%22graphql_is_translatable_rweb_tweet_is_translatable_enabled%22%3A+true%2C+%22view_counts_everywhere_api_enabled%22%3A+true%2C+%22longform_notetweets_consumption_enabled%22%3A+true%2C+%22responsive_web_twitter_article_tweet_consumption_enabled%22%3A+true%2C+%22tweet_awards_web_tipping_enabled%22%3A+false%2C+%22longform_notetweets_rich_text_read_enabled%22%3A+true%2C+%22longform_notetweets_inline_media_enabled%22%3A+true%2C+%22rweb_video_timestamps_enabled%22%3A+true%2C+%22responsive_web_graphql_exclude_directive_enabled%22%3A+true%2C+%22verified_phone_label_enabled%22%3A+false%2C+%22freedom_of_speech_not_reach_fetch_enabled%22%3A+true%2C+%22standardized_nudges_misinfo%22%3A+true%2C+%22tweet_with_visibility_results_prefer_gql_limited_actions_policy_enabled%22%3A+true%2C+%22responsive_web_media_download_video_enabled%22%3A+false%2C+%22responsive_web_graphql_skip_user_profile_image_extensions_enabled%22%3A+false%2C+%22responsive_web_graphql_timeline_navigation_enabled%22%3A+true%2C+%22responsive_web_enhance_cards_enabled%22%3A+false%7D "HTTP/1.1 200 OK"
[ 2025-04-02 15:19:53,139 ] 16 root - INFO - Error occured in python script name at C:\Users\hp\AppData\Local\Temp\ipykernel_5872\3035540985.py on line number 32 error messgae [Errno 2] No such file or directory: 'components\\dataset\\tamil_movies_tweets.json'
[ 2025-04-02 15:20:22,409 ] 1740 httpx - INFO - HTTP Request: GET https://x.com "HTTP/1.1 200 OK"
[ 2025-04-02 15:20:22,682 ] 1740 httpx - INFO - HTTP Request: GET https://abs.twimg.com/responsive-web/client-web/ondemand.s.8d66614a.js "HTTP/1.1 200 OK"
[ 2025-04-02 15:20:23,059 ] 1740 httpx - INFO - HTTP Request: POST https://api.x.com/1.1/guest/activate.json "HTTP/1.1 200 OK"
[ 2025-04-02 15:20:23,392 ] 1740 httpx - INFO - HTTP Request: POST https://api.x.com/1.1/onboarding/task.json?flow_name=login "HTTP/1.1 200 OK"
[ 2025-04-02 15:20:23,758 ] 1740 httpx - INFO - HTTP Request: POST https://api.x.com/1.1/onboarding/sso_init.json "HTTP/1.1 200 OK"
[ 2025-04-02 15:20:24,078 ] 1740 httpx - INFO - HTTP Request: GET https://twitter.com/i/js_inst?c_name=ui_metrics "HTTP/1.1 200 OK"
[ 2025-04-02 15:20:24,510 ] 1740 httpx - INFO - HTTP Request: POST https://api.x.com/1.1/onboarding/task.json "HTTP/1.1 200 OK"
[ 2025-04-02 15:20:24,941 ] 1740 httpx - INFO - HTTP Request: POST https://api.x.com/1.1/onboarding/task.json "HTTP/1.1 200 OK"
